<?xml version="1.0" encoding="UTF-8"?>
<!-- Generated by org.testng.reporters.JUnitXMLReporter -->
<testsuite ignored="8" hostname="Gopi" failures="0" tests="1" name="Default test" time="7.508" errors="0" timestamp="2023-05-25T11:11:38 IST">
  <testcase classname="com.webmath.testcases.Algebra" name="@BeforeMethod urllaunch" time="0.328">
    <failure type="java.lang.NullPointerException" message="Cannot invoke &amp;quot;java.util.Properties.getProperty(String)&amp;quot; because &amp;quot;com.webmath.testcases.Algebra.prop&amp;quot; is null">
      <![CDATA[java.lang.NullPointerException: Cannot invoke "java.util.Properties.getProperty(String)" because "com.webmath.testcases.Algebra.prop" is null
at com.webmath.testcases.Algebra.urllaunch(Algebra.java:32)
at java.base/jdk.internal.reflect.NativeMethodAccessorImpl.invoke0(Native Method)
at java.base/jdk.internal.reflect.NativeMethodAccessorImpl.invoke(NativeMethodAccessorImpl.java:77)
at java.base/jdk.internal.reflect.DelegatingMethodAccessorImpl.invoke(DelegatingMethodAccessorImpl.java:43)
at java.base/java.lang.reflect.Method.invoke(Method.java:568)
at org.testng.internal.invokers.MethodInvocationHelper.invokeMethod(MethodInvocationHelper.java:139)
at org.testng.internal.invokers.MethodInvocationHelper.invokeMethodConsideringTimeout(MethodInvocationHelper.java:69)
at org.testng.internal.invokers.ConfigInvoker.invokeConfigurationMethod(ConfigInvoker.java:361)
at org.testng.internal.invokers.ConfigInvoker.invokeConfigurations(ConfigInvoker.java:296)
at org.testng.internal.invokers.TestInvoker.runConfigMethods(TestInvoker.java:816)
at org.testng.internal.invokers.TestInvoker.invokeMethod(TestInvoker.java:590)
at org.testng.internal.invokers.TestInvoker.invokeTestMethod(TestInvoker.java:221)
at org.testng.internal.invokers.MethodRunner.runInSequence(MethodRunner.java:50)
at org.testng.internal.invokers.TestInvoker$MethodInvocationAgent.invoke(TestInvoker.java:962)
at org.testng.internal.invokers.TestInvoker.invokeTestMethods(TestInvoker.java:194)
at org.testng.internal.invokers.TestMethodWorker.invokeTestMethods(TestMethodWorker.java:148)
at org.testng.internal.invokers.TestMethodWorker.run(TestMethodWorker.java:128)
at java.base/java.util.ArrayList.forEach(ArrayList.java:1511)
at org.testng.TestRunner.privateRun(TestRunner.java:806)
at org.testng.TestRunner.run(TestRunner.java:601)
at org.testng.SuiteRunner.runTest(SuiteRunner.java:433)
at org.testng.SuiteRunner.runSequentially(SuiteRunner.java:427)
at org.testng.SuiteRunner.privateRun(SuiteRunner.java:387)
at org.testng.SuiteRunner.run(SuiteRunner.java:330)
at org.testng.SuiteRunnerWorker.runSuite(SuiteRunnerWorker.java:52)
at org.testng.SuiteRunnerWorker.run(SuiteRunnerWorker.java:95)
at org.testng.TestNG.runSuitesSequentially(TestNG.java:1256)
at org.testng.TestNG.runSuitesLocally(TestNG.java:1176)
at org.testng.TestNG.runSuites(TestNG.java:1099)
at org.testng.TestNG.run(TestNG.java:1067)
at org.testng.remote.AbstractRemoteTestNG.run(AbstractRemoteTestNG.java:115)
at org.testng.remote.RemoteTestNG.initAndRun(RemoteTestNG.java:251)
at org.testng.remote.RemoteTestNG.main(RemoteTestNG.java:77)
]]>
    </failure>
  </testcase> <!-- @BeforeMethod urllaunch -->
  <testcase classname="com.webmath.testcases.Algebra" name="@AfterClass BrowserClose" time="0.0">
    <skipped/>
  </testcase> <!-- @AfterClass BrowserClose -->
  <testcase classname="com.webmath.testcases.Algebra" name="VerifylinksofAlgebra" time="0.001">
    <skipped/>
  </testcase> <!-- VerifylinksofAlgebra -->
  <testcase classname="com.webmath.testcases.Algebra" name="Substractionofcomplexnumber" time="0.0">
    <ignored/>
  </testcase> <!-- Substractionofcomplexnumber -->
  <testcase classname="com.webmath.testcases.Algebra" name="somplifyingproductofalgebricexpression" time="0.0">
    <ignored/>
  </testcase> <!-- somplifyingproductofalgebricexpression -->
  <testcase classname="com.webmath.testcases.Algebra" name="FindingsquareRoots" time="0.0">
    <ignored/>
  </testcase> <!-- FindingsquareRoots -->
  <testcase classname="com.webmath.testcases.Algebra" name="Solvingquadraticequationbyfactoring" time="0.0">
    <ignored/>
  </testcase> <!-- Solvingquadraticequationbyfactoring -->
  <testcase classname="com.webmath.testcases.Algebra" name="backToProblem" time="0.0">
    <ignored/>
  </testcase> <!-- backToProblem -->
  <testcase classname="com.webmath.testcases.Algebra" name="multiplicationofpolynomials" time="0.0">
    <ignored/>
  </testcase> <!-- multiplicationofpolynomials -->
  <testcase classname="com.webmath.testcases.Algebra" name="PercentsCalculation" time="0.0">
    <ignored/>
  </testcase> <!-- PercentsCalculation -->
  <testcase classname="com.webmath.testcases.Algebra" name="SolvingEquation" time="0.0">
    <ignored/>
  </testcase> <!-- SolvingEquation -->
</testsuite> <!-- Default test -->
